[2020-05-05 09:51:32.473] [renderer1] [error] name must not be falsy: Error: name must not be falsy
	at Function.validate (/usr/share/code/resources/app/out/vs/workbench/services/extensions/node/extensionHostProcess.js:411:420)
	at new e (/usr/share/code/resources/app/out/vs/workbench/services/extensions/node/extensionHostProcess.js:411:369)
	at new e (/usr/share/code/resources/app/out/vs/workbench/services/extensions/node/extensionHostProcess.js:398:174)
	at asSymbolInformation (/root/.vscode/extensions/vscoss.vscode-ansible-0.5.2/node_modules/vscode-languageclient/lib/protocolConverter.js:251:22)
	at /root/.vscode/extensions/vscoss.vscode-ansible-0.5.2/node_modules/vscode-languageclient/lib/protocolConverter.js:247:42
	at Array.map (<anonymous>)
	at asSymbolInformations (/root/.vscode/extensions/vscoss.vscode-ansible-0.5.2/node_modules/vscode-languageclient/lib/protocolConverter.js:247:23)
[2020-05-05 09:51:42.248] [renderer1] [error] name must not be falsy: Error: name must not be falsy
	at Function.validate (/usr/share/code/resources/app/out/vs/workbench/services/extensions/node/extensionHostProcess.js:411:420)
	at new e (/usr/share/code/resources/app/out/vs/workbench/services/extensions/node/extensionHostProcess.js:411:369)
	at new e (/usr/share/code/resources/app/out/vs/workbench/services/extensions/node/extensionHostProcess.js:398:174)
	at asSymbolInformation (/root/.vscode/extensions/vscoss.vscode-ansible-0.5.2/node_modules/vscode-languageclient/lib/protocolConverter.js:251:22)
	at /root/.vscode/extensions/vscoss.vscode-ansible-0.5.2/node_modules/vscode-languageclient/lib/protocolConverter.js:247:42
	at Array.map (<anonymous>)
	at asSymbolInformations (/root/.vscode/extensions/vscoss.vscode-ansible-0.5.2/node_modules/vscode-languageclient/lib/protocolConverter.js:247:23)
[2020-05-05 09:51:45.554] [renderer1] [error] name must not be falsy: Error: name must not be falsy
	at Function.validate (/usr/share/code/resources/app/out/vs/workbench/services/extensions/node/extensionHostProcess.js:411:420)
	at new e (/usr/share/code/resources/app/out/vs/workbench/services/extensions/node/extensionHostProcess.js:411:369)
	at new e (/usr/share/code/resources/app/out/vs/workbench/services/extensions/node/extensionHostProcess.js:398:174)
	at asSymbolInformation (/root/.vscode/extensions/vscoss.vscode-ansible-0.5.2/node_modules/vscode-languageclient/lib/protocolConverter.js:251:22)
	at /root/.vscode/extensions/vscoss.vscode-ansible-0.5.2/node_modules/vscode-languageclient/lib/protocolConverter.js:247:42
	at Array.map (<anonymous>)
	at asSymbolInformations (/root/.vscode/extensions/vscoss.vscode-ansible-0.5.2/node_modules/vscode-languageclient/lib/protocolConverter.js:247:23)
[2020-05-05 09:51:47.726] [renderer1] [error] name must not be falsy: Error: name must not be falsy
	at Function.validate (/usr/share/code/resources/app/out/vs/workbench/services/extensions/node/extensionHostProcess.js:411:420)
	at new e (/usr/share/code/resources/app/out/vs/workbench/services/extensions/node/extensionHostProcess.js:411:369)
	at new e (/usr/share/code/resources/app/out/vs/workbench/services/extensions/node/extensionHostProcess.js:398:174)
	at asSymbolInformation (/root/.vscode/extensions/vscoss.vscode-ansible-0.5.2/node_modules/vscode-languageclient/lib/protocolConverter.js:251:22)
	at /root/.vscode/extensions/vscoss.vscode-ansible-0.5.2/node_modules/vscode-languageclient/lib/protocolConverter.js:247:42
	at Array.map (<anonymous>)
	at asSymbolInformations (/root/.vscode/extensions/vscoss.vscode-ansible-0.5.2/node_modules/vscode-languageclient/lib/protocolConverter.js:247:23)
[2020-05-05 09:52:00.078] [renderer1] [error] name must not be falsy: Error: name must not be falsy
	at Function.validate (/usr/share/code/resources/app/out/vs/workbench/services/extensions/node/extensionHostProcess.js:411:420)
	at new e (/usr/share/code/resources/app/out/vs/workbench/services/extensions/node/extensionHostProcess.js:411:369)
	at new e (/usr/share/code/resources/app/out/vs/workbench/services/extensions/node/extensionHostProcess.js:398:174)
	at asSymbolInformation (/root/.vscode/extensions/vscoss.vscode-ansible-0.5.2/node_modules/vscode-languageclient/lib/protocolConverter.js:251:22)
	at /root/.vscode/extensions/vscoss.vscode-ansible-0.5.2/node_modules/vscode-languageclient/lib/protocolConverter.js:247:42
	at Array.map (<anonymous>)
	at asSymbolInformations (/root/.vscode/extensions/vscoss.vscode-ansible-0.5.2/node_modules/vscode-languageclient/lib/protocolConverter.js:247:23)
[2020-05-05 09:52:02.159] [renderer1] [error] name must not be falsy: Error: name must not be falsy
	at Function.validate (/usr/share/code/resources/app/out/vs/workbench/services/extensions/node/extensionHostProcess.js:411:420)
	at new e (/usr/share/code/resources/app/out/vs/workbench/services/extensions/node/extensionHostProcess.js:411:369)
	at new e (/usr/share/code/resources/app/out/vs/workbench/services/extensions/node/extensionHostProcess.js:398:174)
	at asSymbolInformation (/root/.vscode/extensions/vscoss.vscode-ansible-0.5.2/node_modules/vscode-languageclient/lib/protocolConverter.js:251:22)
	at /root/.vscode/extensions/vscoss.vscode-ansible-0.5.2/node_modules/vscode-languageclient/lib/protocolConverter.js:247:42
	at Array.map (<anonymous>)
	at asSymbolInformations (/root/.vscode/extensions/vscoss.vscode-ansible-0.5.2/node_modules/vscode-languageclient/lib/protocolConverter.js:247:23)
[2020-05-05 09:52:07.361] [renderer1] [error] name must not be falsy: Error: name must not be falsy
	at Function.validate (/usr/share/code/resources/app/out/vs/workbench/services/extensions/node/extensionHostProcess.js:411:420)
	at new e (/usr/share/code/resources/app/out/vs/workbench/services/extensions/node/extensionHostProcess.js:411:369)
	at new e (/usr/share/code/resources/app/out/vs/workbench/services/extensions/node/extensionHostProcess.js:398:174)
	at asSymbolInformation (/root/.vscode/extensions/vscoss.vscode-ansible-0.5.2/node_modules/vscode-languageclient/lib/protocolConverter.js:251:22)
	at /root/.vscode/extensions/vscoss.vscode-ansible-0.5.2/node_modules/vscode-languageclient/lib/protocolConverter.js:247:42
	at Array.map (<anonymous>)
	at asSymbolInformations (/root/.vscode/extensions/vscoss.vscode-ansible-0.5.2/node_modules/vscode-languageclient/lib/protocolConverter.js:247:23)
[2020-05-05 09:52:24.829] [renderer1] [error] name must not be falsy: Error: name must not be falsy
	at Function.validate (/usr/share/code/resources/app/out/vs/workbench/services/extensions/node/extensionHostProcess.js:411:420)
	at new e (/usr/share/code/resources/app/out/vs/workbench/services/extensions/node/extensionHostProcess.js:411:369)
	at new e (/usr/share/code/resources/app/out/vs/workbench/services/extensions/node/extensionHostProcess.js:398:174)
	at asSymbolInformation (/root/.vscode/extensions/vscoss.vscode-ansible-0.5.2/node_modules/vscode-languageclient/lib/protocolConverter.js:251:22)
	at /root/.vscode/extensions/vscoss.vscode-ansible-0.5.2/node_modules/vscode-languageclient/lib/protocolConverter.js:247:42
	at Array.map (<anonymous>)
	at asSymbolInformations (/root/.vscode/extensions/vscoss.vscode-ansible-0.5.2/node_modules/vscode-languageclient/lib/protocolConverter.js:247:23)
[2020-05-05 09:52:38.796] [renderer1] [error] name must not be falsy: Error: name must not be falsy
	at Function.validate (/usr/share/code/resources/app/out/vs/workbench/services/extensions/node/extensionHostProcess.js:411:420)
	at new e (/usr/share/code/resources/app/out/vs/workbench/services/extensions/node/extensionHostProcess.js:411:369)
	at new e (/usr/share/code/resources/app/out/vs/workbench/services/extensions/node/extensionHostProcess.js:398:174)
	at asSymbolInformation (/root/.vscode/extensions/vscoss.vscode-ansible-0.5.2/node_modules/vscode-languageclient/lib/protocolConverter.js:251:22)
	at /root/.vscode/extensions/vscoss.vscode-ansible-0.5.2/node_modules/vscode-languageclient/lib/protocolConverter.js:247:42
	at Array.map (<anonymous>)
	at asSymbolInformations (/root/.vscode/extensions/vscoss.vscode-ansible-0.5.2/node_modules/vscode-languageclient/lib/protocolConverter.js:247:23)
[2020-05-05 09:52:40.127] [renderer1] [error] name must not be falsy: Error: name must not be falsy
	at Function.validate (/usr/share/code/resources/app/out/vs/workbench/services/extensions/node/extensionHostProcess.js:411:420)
	at new e (/usr/share/code/resources/app/out/vs/workbench/services/extensions/node/extensionHostProcess.js:411:369)
	at new e (/usr/share/code/resources/app/out/vs/workbench/services/extensions/node/extensionHostProcess.js:398:174)
	at asSymbolInformation (/root/.vscode/extensions/vscoss.vscode-ansible-0.5.2/node_modules/vscode-languageclient/lib/protocolConverter.js:251:22)
	at /root/.vscode/extensions/vscoss.vscode-ansible-0.5.2/node_modules/vscode-languageclient/lib/protocolConverter.js:247:42
	at Array.map (<anonymous>)
	at asSymbolInformations (/root/.vscode/extensions/vscoss.vscode-ansible-0.5.2/node_modules/vscode-languageclient/lib/protocolConverter.js:247:23)
[2020-05-05 09:52:42.443] [renderer1] [error] name must not be falsy: Error: name must not be falsy
	at Function.validate (/usr/share/code/resources/app/out/vs/workbench/services/extensions/node/extensionHostProcess.js:411:420)
	at new e (/usr/share/code/resources/app/out/vs/workbench/services/extensions/node/extensionHostProcess.js:411:369)
	at new e (/usr/share/code/resources/app/out/vs/workbench/services/extensions/node/extensionHostProcess.js:398:174)
	at asSymbolInformation (/root/.vscode/extensions/vscoss.vscode-ansible-0.5.2/node_modules/vscode-languageclient/lib/protocolConverter.js:251:22)
	at /root/.vscode/extensions/vscoss.vscode-ansible-0.5.2/node_modules/vscode-languageclient/lib/protocolConverter.js:247:42
	at Array.map (<anonymous>)
	at asSymbolInformations (/root/.vscode/extensions/vscoss.vscode-ansible-0.5.2/node_modules/vscode-languageclient/lib/protocolConverter.js:247:23)
[2020-05-05 09:52:43.682] [renderer1] [error] name must not be falsy: Error: name must not be falsy
	at Function.validate (/usr/share/code/resources/app/out/vs/workbench/services/extensions/node/extensionHostProcess.js:411:420)
	at new e (/usr/share/code/resources/app/out/vs/workbench/services/extensions/node/extensionHostProcess.js:411:369)
	at new e (/usr/share/code/resources/app/out/vs/workbench/services/extensions/node/extensionHostProcess.js:398:174)
	at asSymbolInformation (/root/.vscode/extensions/vscoss.vscode-ansible-0.5.2/node_modules/vscode-languageclient/lib/protocolConverter.js:251:22)
	at /root/.vscode/extensions/vscoss.vscode-ansible-0.5.2/node_modules/vscode-languageclient/lib/protocolConverter.js:247:42
	at Array.map (<anonymous>)
	at asSymbolInformations (/root/.vscode/extensions/vscoss.vscode-ansible-0.5.2/node_modules/vscode-languageclient/lib/protocolConverter.js:247:23)
[2020-05-05 09:52:44.994] [renderer1] [error] name must not be falsy: Error: name must not be falsy
	at Function.validate (/usr/share/code/resources/app/out/vs/workbench/services/extensions/node/extensionHostProcess.js:411:420)
	at new e (/usr/share/code/resources/app/out/vs/workbench/services/extensions/node/extensionHostProcess.js:411:369)
	at new e (/usr/share/code/resources/app/out/vs/workbench/services/extensions/node/extensionHostProcess.js:398:174)
	at asSymbolInformation (/root/.vscode/extensions/vscoss.vscode-ansible-0.5.2/node_modules/vscode-languageclient/lib/protocolConverter.js:251:22)
	at /root/.vscode/extensions/vscoss.vscode-ansible-0.5.2/node_modules/vscode-languageclient/lib/protocolConverter.js:247:42
	at Array.map (<anonymous>)
	at asSymbolInformations (/root/.vscode/extensions/vscoss.vscode-ansible-0.5.2/node_modules/vscode-languageclient/lib/protocolConverter.js:247:23)
[2020-05-05 09:53:26.710] [renderer1] [error] name must not be falsy: Error: name must not be falsy
	at Function.validate (/usr/share/code/resources/app/out/vs/workbench/services/extensions/node/extensionHostProcess.js:411:420)
	at new e (/usr/share/code/resources/app/out/vs/workbench/services/extensions/node/extensionHostProcess.js:411:369)
	at new e (/usr/share/code/resources/app/out/vs/workbench/services/extensions/node/extensionHostProcess.js:398:174)
	at asSymbolInformation (/root/.vscode/extensions/vscoss.vscode-ansible-0.5.2/node_modules/vscode-languageclient/lib/protocolConverter.js:251:22)
	at /root/.vscode/extensions/vscoss.vscode-ansible-0.5.2/node_modules/vscode-languageclient/lib/protocolConverter.js:247:42
	at Array.map (<anonymous>)
	at asSymbolInformations (/root/.vscode/extensions/vscoss.vscode-ansible-0.5.2/node_modules/vscode-languageclient/lib/protocolConverter.js:247:23)
[2020-05-05 09:53:27.714] [renderer1] [error] name must not be falsy: Error: name must not be falsy
	at Function.validate (/usr/share/code/resources/app/out/vs/workbench/services/extensions/node/extensionHostProcess.js:411:420)
	at new e (/usr/share/code/resources/app/out/vs/workbench/services/extensions/node/extensionHostProcess.js:411:369)
	at new e (/usr/share/code/resources/app/out/vs/workbench/services/extensions/node/extensionHostProcess.js:398:174)
	at asSymbolInformation (/root/.vscode/extensions/vscoss.vscode-ansible-0.5.2/node_modules/vscode-languageclient/lib/protocolConverter.js:251:22)
	at /root/.vscode/extensions/vscoss.vscode-ansible-0.5.2/node_modules/vscode-languageclient/lib/protocolConverter.js:247:42
	at Array.map (<anonymous>)
	at asSymbolInformations (/root/.vscode/extensions/vscoss.vscode-ansible-0.5.2/node_modules/vscode-languageclient/lib/protocolConverter.js:247:23)
[2020-05-05 09:53:28.820] [renderer1] [error] name must not be falsy: Error: name must not be falsy
	at Function.validate (/usr/share/code/resources/app/out/vs/workbench/services/extensions/node/extensionHostProcess.js:411:420)
	at new e (/usr/share/code/resources/app/out/vs/workbench/services/extensions/node/extensionHostProcess.js:411:369)
	at new e (/usr/share/code/resources/app/out/vs/workbench/services/extensions/node/extensionHostProcess.js:398:174)
	at asSymbolInformation (/root/.vscode/extensions/vscoss.vscode-ansible-0.5.2/node_modules/vscode-languageclient/lib/protocolConverter.js:251:22)
	at /root/.vscode/extensions/vscoss.vscode-ansible-0.5.2/node_modules/vscode-languageclient/lib/protocolConverter.js:247:42
	at Array.map (<anonymous>)
	at asSymbolInformations (/root/.vscode/extensions/vscoss.vscode-ansible-0.5.2/node_modules/vscode-languageclient/lib/protocolConverter.js:247:23)
[2020-05-05 09:53:30.802] [renderer1] [error] name must not be falsy: Error: name must not be falsy
	at Function.validate (/usr/share/code/resources/app/out/vs/workbench/services/extensions/node/extensionHostProcess.js:411:420)
	at new e (/usr/share/code/resources/app/out/vs/workbench/services/extensions/node/extensionHostProcess.js:411:369)
	at new e (/usr/share/code/resources/app/out/vs/workbench/services/extensions/node/extensionHostProcess.js:398:174)
	at asSymbolInformation (/root/.vscode/extensions/vscoss.vscode-ansible-0.5.2/node_modules/vscode-languageclient/lib/protocolConverter.js:251:22)
	at /root/.vscode/extensions/vscoss.vscode-ansible-0.5.2/node_modules/vscode-languageclient/lib/protocolConverter.js:247:42
	at Array.map (<anonymous>)
	at asSymbolInformations (/root/.vscode/extensions/vscoss.vscode-ansible-0.5.2/node_modules/vscode-languageclient/lib/protocolConverter.js:247:23)
[2020-05-05 09:53:32.082] [renderer1] [error] name must not be falsy: Error: name must not be falsy
	at Function.validate (/usr/share/code/resources/app/out/vs/workbench/services/extensions/node/extensionHostProcess.js:411:420)
	at new e (/usr/share/code/resources/app/out/vs/workbench/services/extensions/node/extensionHostProcess.js:411:369)
	at new e (/usr/share/code/resources/app/out/vs/workbench/services/extensions/node/extensionHostProcess.js:398:174)
	at asSymbolInformation (/root/.vscode/extensions/vscoss.vscode-ansible-0.5.2/node_modules/vscode-languageclient/lib/protocolConverter.js:251:22)
	at /root/.vscode/extensions/vscoss.vscode-ansible-0.5.2/node_modules/vscode-languageclient/lib/protocolConverter.js:247:42
	at Array.map (<anonymous>)
	at asSymbolInformations (/root/.vscode/extensions/vscoss.vscode-ansible-0.5.2/node_modules/vscode-languageclient/lib/protocolConverter.js:247:23)
[2020-05-05 09:53:33.959] [renderer1] [error] name must not be falsy: Error: name must not be falsy
	at Function.validate (/usr/share/code/resources/app/out/vs/workbench/services/extensions/node/extensionHostProcess.js:411:420)
	at new e (/usr/share/code/resources/app/out/vs/workbench/services/extensions/node/extensionHostProcess.js:411:369)
	at new e (/usr/share/code/resources/app/out/vs/workbench/services/extensions/node/extensionHostProcess.js:398:174)
	at asSymbolInformation (/root/.vscode/extensions/vscoss.vscode-ansible-0.5.2/node_modules/vscode-languageclient/lib/protocolConverter.js:251:22)
	at /root/.vscode/extensions/vscoss.vscode-ansible-0.5.2/node_modules/vscode-languageclient/lib/protocolConverter.js:247:42
	at Array.map (<anonymous>)
	at asSymbolInformations (/root/.vscode/extensions/vscoss.vscode-ansible-0.5.2/node_modules/vscode-languageclient/lib/protocolConverter.js:247:23)
[2020-05-05 09:53:38.730] [renderer1] [error] name must not be falsy: Error: name must not be falsy
	at Function.validate (/usr/share/code/resources/app/out/vs/workbench/services/extensions/node/extensionHostProcess.js:411:420)
	at new e (/usr/share/code/resources/app/out/vs/workbench/services/extensions/node/extensionHostProcess.js:411:369)
	at new e (/usr/share/code/resources/app/out/vs/workbench/services/extensions/node/extensionHostProcess.js:398:174)
	at asSymbolInformation (/root/.vscode/extensions/vscoss.vscode-ansible-0.5.2/node_modules/vscode-languageclient/lib/protocolConverter.js:251:22)
	at /root/.vscode/extensions/vscoss.vscode-ansible-0.5.2/node_modules/vscode-languageclient/lib/protocolConverter.js:247:42
	at Array.map (<anonymous>)
	at asSymbolInformations (/root/.vscode/extensions/vscoss.vscode-ansible-0.5.2/node_modules/vscode-languageclient/lib/protocolConverter.js:247:23)
[2020-05-05 10:09:22.719] [renderer1] [error] name must not be falsy: Error: name must not be falsy
	at Function.validate (/usr/share/code/resources/app/out/vs/workbench/services/extensions/node/extensionHostProcess.js:411:420)
	at new e (/usr/share/code/resources/app/out/vs/workbench/services/extensions/node/extensionHostProcess.js:411:369)
	at new e (/usr/share/code/resources/app/out/vs/workbench/services/extensions/node/extensionHostProcess.js:398:174)
	at asSymbolInformation (/root/.vscode/extensions/vscoss.vscode-ansible-0.5.2/node_modules/vscode-languageclient/lib/protocolConverter.js:251:22)
	at /root/.vscode/extensions/vscoss.vscode-ansible-0.5.2/node_modules/vscode-languageclient/lib/protocolConverter.js:247:42
	at Array.map (<anonymous>)
	at asSymbolInformations (/root/.vscode/extensions/vscoss.vscode-ansible-0.5.2/node_modules/vscode-languageclient/lib/protocolConverter.js:247:23)
